   1              	 .syntax unified
   2              	 .cpu cortex-m4
   3              	 .eabi_attribute 27,3
   4              	 .fpu fpv4-sp-d16
   5              	 .eabi_attribute 20,1
   6              	 .eabi_attribute 21,1
   7              	 .eabi_attribute 23,3
   8              	 .eabi_attribute 24,1
   9              	 .eabi_attribute 25,1
  10              	 .eabi_attribute 26,1
  11              	 .eabi_attribute 30,4
  12              	 .eabi_attribute 34,1
  13              	 .eabi_attribute 18,4
  14              	 .thumb
  15              	 .file "clock_xmc4.c"
  16              	 .section .text.CLOCK_XMC4_GetAppVersion,"ax",%progbits
  17              	 .align 1
  18              	 .global CLOCK_XMC4_GetAppVersion
  19              	 .thumb
  20              	 .thumb_func
  22              	CLOCK_XMC4_GetAppVersion:
  23              	 
  24              	 
  25              	 
  26 0000 0023     	 movs r3,#0
  27 0002 1846     	 mov r0,r3
  28 0004 0422     	 movs r2,#4
  29 0006 62F30700 	 bfi r0,r2,#0,#8
  30 000a 63F30F20 	 bfi r0,r3,#8,#8
  31 000e 1623     	 movs r3,#22
  32 0010 63F31740 	 bfi r0,r3,#16,#8
  33 0014 82B0     	 sub sp,sp,#8
  34 0016 02B0     	 add sp,sp,#8
  35              	 
  36 0018 7047     	 bx lr
  38              	 .section .text.CLOCK_XMC4_Init,"ax",%progbits
  39              	 .align 1
  40              	 .global CLOCK_XMC4_Init
  41              	 .thumb
  42              	 .thumb_func
  44              	CLOCK_XMC4_Init:
  45              	 
  46              	 
  47              	 
  48 0000 0123     	 movs r3,#1
  49 0002 0370     	 strb r3,[r0]
  50 0004 0020     	 movs r0,#0
  51 0006 7047     	 bx lr
  53              	 .section .text.OSCHP_GetFrequency,"ax",%progbits
  54              	 .align 1
  55              	 .global OSCHP_GetFrequency
  56              	 .thumb
  57              	 .thumb_func
  59              	OSCHP_GetFrequency:
  60              	 
  61              	 
  62              	 
  63 0000 0048     	 ldr r0,.L4
  64 0002 7047     	 bx lr
  65              	.L5:
  66              	 .align 2
  67              	.L4:
  68 0004 001BB700 	 .word 12000000
  70              	 .section .text.CLOCK_XMC4_StepSystemPllFrequency,"ax",%progbits
  71              	 .align 1
  72              	 .global CLOCK_XMC4_StepSystemPllFrequency
  73              	 .thumb
  74              	 .thumb_func
  76              	CLOCK_XMC4_StepSystemPllFrequency:
  77              	 
  78              	 
  79              	 
  80 0000 FFF7FEBF 	 b XMC_SCU_CLOCK_StepSystemPllFrequency
  82              	 .ident "GCC: (GNU Tools for ARM Embedded Processors) 4.9.3 20141119 (release) [ARM/embedded-4_9-branch revision 218278]"
DEFINED SYMBOLS
                            *ABS*:00000000 clock_xmc4.c
    {standard input}:17     .text.CLOCK_XMC4_GetAppVersion:00000000 $t
    {standard input}:22     .text.CLOCK_XMC4_GetAppVersion:00000000 CLOCK_XMC4_GetAppVersion
    {standard input}:39     .text.CLOCK_XMC4_Init:00000000 $t
    {standard input}:44     .text.CLOCK_XMC4_Init:00000000 CLOCK_XMC4_Init
    {standard input}:54     .text.OSCHP_GetFrequency:00000000 $t
    {standard input}:59     .text.OSCHP_GetFrequency:00000000 OSCHP_GetFrequency
    {standard input}:68     .text.OSCHP_GetFrequency:00000004 $d
    {standard input}:71     .text.CLOCK_XMC4_StepSystemPllFrequency:00000000 $t
    {standard input}:76     .text.CLOCK_XMC4_StepSystemPllFrequency:00000000 CLOCK_XMC4_StepSystemPllFrequency

UNDEFINED SYMBOLS
XMC_SCU_CLOCK_StepSystemPllFrequency
