Apr 09, 2021 9:23:39 AM java.util.logging.LogManager$RootLogger log
INFO: Start of solver :getOutputSignals() : Fri Apr 09 09:23:39 CEST 2021


Apr 09, 2021 9:23:39 AM java.util.logging.LogManager$RootLogger log
INFO: 
timeout(reserved_resource_group_output_signals([reserved([scu,0,clkctrl,0,pll],'clock_xmc4$01041905772$0'),
reserved([scu,0,clkctrl,0,sys],'clock_xmc4$01041902479$0'),
reserved([scu,0,clkctrl,0,cpu],'clock_xmc4$01041918132$0'),
reserved([scu,0,clkctrl,0,perbridge],'clock_xmc4$01556179574$0'),
reserved([scu,0,clkctrl,0,ebu],'clock_xmc4$01041916644$0'),
reserved([scu,0,clkctrl,0,ccu],'clock_xmc4$01041918535$0'),
reserved([scu,0,clkctrl,0,wdt],'clock_xmc4$01041899285$0'),
reserved([scu,0,clkctrl,0,usb],'clock_xmc4$01041900760$0'),
reserved([scu,0,clkctrl,0,sdmmc],'clock_xmc4$01041908633$0'),
reserved([scu,0,pwrctrl,0,hibernate],'clock_xmc4$1465705206$0'),
reserved([scu,0,rtcclksel],'clock_xmc4$0908261315$0'),
reserved([scu,0,trap,0,sysoscwd],'clock_xmc4$2120570033$0'),
reserved([scu,0,trap,0,sysvcolock],'clock_xmc4$01336212592$0'),
reserved([scu,0,trap,0,usbvcolock],'clock_xmc4$1110159303$0'),
reserved([scu,0,trap,0,ulpwdg],'clock_xmc4$0652770705$0'),
reserved([usic,_,channel,_],'spi_master$848756091$0'),
reserved([p,SPI_MASTER0sv0,pad,_],'spi_master$01541715097$0'),
reserved([p,_,pad,_],'spi_master$01541715096$0'),
reserved([p,_,pad,_],'spi_master$131589793$0'),
reserved([devicepackage,0,_],'spi_master$203101725$0'),
uri([devicepackage,0,84],'spi_master$203101725$0'),
reserved([devicepackage,0,_],'spi_master$203101726$0'),
uri([devicepackage,0,83],'spi_master$203101726$0'),
reserved([devicepackage,0,_],'spi_master$01613663573$0'),
uri([devicepackage,0,82],'spi_master$01613663573$0'),
reserved([p,DIGITAL_IO1sv0,pad,_],'digital_io$01821283039$1'),
reserved([devicepackage,0,_],'digital_io$0155888661$1'),
uri([devicepackage,0,138],'digital_io$0155888661$1'),
reserved([p,DIGITAL_IO3sv0,pad,_],'digital_io$1452615903$3'),
reserved([devicepackage,0,_],'digital_io$62966057$3'),
uri([devicepackage,0,80],'digital_io$62966057$3'),
reserved([vadc,_,global_limits],'global_adc$02138945017$0'),
reserved([vadc,_,global],'global_adc$02109655125$0'),
reserved([vadc,_,group,0,config],'global_adc$02104095335$0'),
reserved([vadc,_,group,1,config],'global_adc$02104095334$0'),
reserved([vadc,_,group,2,config],'global_adc$02104095333$0'),
reserved([vadc,_,group,3,config],'global_adc$02104095332$0'),
reserved([vadc,_,backgnd],'adc_measurement$0960477383$0'),
reserved([vadc,_,class,_],'adc_measurement$0157319968$0'),
reserved([p,_,pad,_],'adc_measurement$0680805286$0'),
reserved([devicepackage,0,_],'adc_measurement$0124857238$0'),
uri([devicepackage,0,37],'adc_measurement$0124857238$0'),
reserved([vadc,0,group,_,ch,_],'adc_measurement$0315738293$0'),
reserved([vadc,0,group,_,_,_],'adc_measurement$2111700269$0'),
reserved([cpu,0,nvic,interrupt,_],'adc_measurement$1888029967$0'),
reserved([ccu4,GLOBAL_CCU40sv0,global],'global_ccu4$595667498$0'),
reserved([scu,_,gcu,ccu4_global_enable,GLOBAL_CCU40sv0],'global_ccu4$507149432$0'),
reserved([ccu4,_,cc4,_],'timer$1353810742$0'),
reserved([cpu,0,exception,nmi],'cpu_ctrl_xmc4$02061325731$0'),
reserved([cpu,0,exception,hardfault],'cpu_ctrl_xmc4$0218240598$0'),
reserved([cpu,0,exception,memmanage],'cpu_ctrl_xmc4$2121557261$0'),
reserved([cpu,0,exception,busfault],'cpu_ctrl_xmc4$0165038161$0'),
reserved([cpu,0,exception,usagefault],'cpu_ctrl_xmc4$0124701202$0'),
reserved([cpu,0,debug],'cpu_ctrl_xmc4$086419393$0'),
reserved([debug_port,_,pad,_],'cpu_ctrl_xmc4$508773838$0'),
reserved([debug_port,_,pad,_],'cpu_ctrl_xmc4$508773520$0'),
reserved([scu,0,gcu,interrupt,rtctick],'rtc$0778729322$0'),
reserved([scu,0,gcu,interrupt,rtcalarm],'rtc$1611735672$0'),
reserved([sdmmc,_,host],'sdmmc_block$1436290292$0'),
reserved([cpu,0,nvic,interrupt,_],'sdmmc_block$1415229366$0'),
reserved([p,_,pad,_],'sdmmc_block$01798394394$0'),
reserved([p,_,pad,_],'sdmmc_block$01798394393$0'),
reserved([p,_,pad,_],'sdmmc_block$01798394392$0'),
reserved([p,_,pad,_],'sdmmc_block$01798394391$0'),
reserved([p,_,pad,_],'sdmmc_block$1476960271$0'),
reserved([p,_,pad,_],'sdmmc_block$1476960247$0'),
reserved([devicepackage,0,_],'sdmmc_block$0468003940$0'),
uri([devicepackage,0,124],'sdmmc_block$0468003940$0'),
reserved([devicepackage,0,_],'sdmmc_block$0468003939$0'),
uri([devicepackage,0,116],'sdmmc_block$0468003939$0'),
reserved([devicepackage,0,_],'sdmmc_block$0468003938$0'),
uri([devicepackage,0,115],'sdmmc_block$0468003938$0'),
reserved([devicepackage,0,_],'sdmmc_block$0468003937$0'),
uri([devicepackage,0,123],'sdmmc_block$0468003937$0'),
reserved([devicepackage,0,_],'sdmmc_block$897009177$0'),
uri([devicepackage,0,130],'sdmmc_block$897009177$0'),
reserved([devicepackage,0,_],'sdmmc_block$897009153$0'),
uri([devicepackage,0,129],'sdmmc_block$897009153$0'),
reserved([cpu,0,systick],'systimer$02060370970$0'),
reserved([p,DIGITAL_IO4sv0,pad,_],'digital_io$942081726$4'),
reserved([devicepackage,0,_],'digital_io$01975090232$4'),
uri([devicepackage,0,99],'digital_io$01975090232$4'),
reserved([p,DIGITAL_IO5sv0,pad,_],'digital_io$431547549$5'),
reserved([devicepackage,0,_],'digital_io$281820775$5'),
uri([devicepackage,0,97],'digital_io$281820775$5'),
reserved([p,DIGITAL_IO6sv0,pad,_],'digital_io$078986628$6'),
reserved([devicepackage,0,_],'digital_io$01756235514$6'),
uri([devicepackage,0,95],'digital_io$01756235514$6'),
reserved([p,DIGITAL_IO7sv0,pad,_],'digital_io$0589520805$7'),
reserved([devicepackage,0,_],'digital_io$500675493$7'),
uri([devicepackage,0,132],'digital_io$500675493$7'),
signal('clock_xmc4$01556179574$0',fpb,'clock_xmc4$01556179574$0$fpb'),
signal('clock_xmc4$01041918535$0',fccu,'clock_xmc4$01041918535$0$fccu'),
signal('spi_master$848756091$0',dx0ins,'spi_master$848756091$0$dx0ins'),
signal('spi_master$848756091$0',dout0,'spi_master$848756091$0$dout0'),
signal('spi_master$848756091$0',dout1,'spi_master$848756091$0$dout1'),
signal('spi_master$848756091$0',dout2,'spi_master$848756091$0$dout2'),
signal('spi_master$848756091$0',dout3,'spi_master$848756091$0$dout3'),
signal('spi_master$01541715097$0',pad,'spi_master$01541715097$0$pad'),
signal('spi_master$01541715096$0',pad,'spi_master$01541715096$0$pad'),
signal('spi_master$131589793$0',pad,'spi_master$131589793$0$pad'),
signal('spi_master$848756091$0',sclkout,'spi_master$848756091$0$sclkout'),
signal('spi_master$848756091$0',transmit_buffer_int,'spi_master$848756091$0$transmit_buffer_int'),
signal('spi_master$848756091$0',standard_receive_int,'spi_master$848756091$0$standard_receive_int'),
signal('spi_master$848756091$0',alternate_receive_int,'spi_master$848756091$0$alternate_receive_int'),
signal('spi_master$848756091$0',protocol_specific_int,'spi_master$848756091$0$protocol_specific_int'),
signal('spi_master$01541715097$0',hw_o,'spi_master$01541715097$0$hw_o'),
signal('spi_master$01541715096$0',hw_o,'spi_master$01541715096$0$hw_o'),
signal('spi_master$203101725$0',pin,'spi_master$203101725$0$pin'),
signal('spi_master$203101726$0',pin,'spi_master$203101726$0$pin'),
signal('spi_master$01613663573$0',pin,'spi_master$01613663573$0$pin'),
signal('digital_io$01821283039$1',swreg_out,'digital_io$01821283039$1$swreg_out'),
signal('digital_io$01821283039$1',pad,'digital_io$01821283039$1$pad'),
signal('digital_io$0155888661$1',pin,'digital_io$0155888661$1$pin'),
signal('digital_io$1452615903$3',swreg_out,'digital_io$1452615903$3$swreg_out'),
signal('digital_io$1452615903$3',pad,'digital_io$1452615903$3$pad'),
signal('digital_io$62966057$3',pin,'digital_io$62966057$3$pin'),
signal('global_adc$02109655125$0',global_signal,'global_adc$02109655125$0$global_signal'),
signal('global_adc$02104095335$0',garbcnt,'global_adc$02104095335$0$garbcnt'),
signal('global_adc$02104095335$0',gsample,'global_adc$02104095335$0$gsample'),
signal('global_adc$02104095335$0',gqueuereq,'global_adc$02104095335$0$gqueuereq'),
signal('global_adc$02104095335$0',gscanreq,'global_adc$02104095335$0$gscanreq'),
signal('global_adc$02104095335$0',gsyncreq,'global_adc$02104095335$0$gsyncreq'),
signal('global_adc$02104095334$0',garbcnt,'global_adc$02104095334$0$garbcnt'),
signal('global_adc$02104095334$0',gsample,'global_adc$02104095334$0$gsample'),
signal('global_adc$02104095334$0',gqueuereq,'global_adc$02104095334$0$gqueuereq'),
signal('global_adc$02104095334$0',gscanreq,'global_adc$02104095334$0$gscanreq'),
signal('global_adc$02104095334$0',gsyncreq,'global_adc$02104095334$0$gsyncreq'),
signal('global_adc$02104095333$0',garbcnt,'global_adc$02104095333$0$garbcnt'),
signal('global_adc$02104095333$0',gsample,'global_adc$02104095333$0$gsample'),
signal('global_adc$02104095333$0',gqueuereq,'global_adc$02104095333$0$gqueuereq'),
signal('global_adc$02104095333$0',gscanreq,'global_adc$02104095333$0$gscanreq'),
signal('global_adc$02104095333$0',gsyncreq,'global_adc$02104095333$0$gsyncreq'),
signal('global_adc$02104095332$0',garbcnt,'global_adc$02104095332$0$garbcnt'),
signal('global_adc$02104095332$0',gsample,'global_adc$02104095332$0$gsample'),
signal('global_adc$02104095332$0',gqueuereq,'global_adc$02104095332$0$gqueuereq'),
signal('global_adc$02104095332$0',gscanreq,'global_adc$02104095332$0$gscanreq'),
signal('global_adc$02104095332$0',gsyncreq,'global_adc$02104095332$0$gsyncreq'),
signal('adc_measurement$0315738293$0',gch,'adc_measurement$0315738293$0$gch'),
signal('adc_measurement$0680805286$0',pad,'adc_measurement$0680805286$0$pad'),
signal('adc_measurement$0124857238$0',pin,'adc_measurement$0124857238$0$pin'),
signal('adc_measurement$2111700269$0',res_sel,'adc_measurement$2111700269$0$res_sel'),
signal('adc_measurement$0315738293$0',select,'adc_measurement$0315738293$0$select'),
signal('adc_measurement$0315738293$0',res_sel,'adc_measurement$0315738293$0$res_sel'),
signal('adc_measurement$0960477383$0',sev0,'adc_measurement$0960477383$0$sev0'),
signal('adc_measurement$0960477383$0',bgreqtrsel,'adc_measurement$0960477383$0$bgreqtrsel'),
signal('adc_measurement$0960477383$0',bgreqgtsel,'adc_measurement$0960477383$0$bgreqgtsel'),
signal('adc_measurement$0960477383$0',global_signal,'adc_measurement$0960477383$0$global_signal'),
signal('adc_measurement$1888029967$0',signal_in,'adc_measurement$1888029967$0$signal_in'),
signal('global_ccu4$595667498$0',global_signal,'global_ccu4$595667498$0$global_signal'),
signal('global_ccu4$595667498$0',clk,'global_ccu4$595667498$0$clk'),
signal('global_ccu4$507149432$0',gsc_enable,'global_ccu4$507149432$0$gsc_enable'),
signal('timer$1353810742$0',pmus_omds,'timer$1353810742$0$pmus_omds'),
signal('timer$1353810742$0',global_signal,'timer$1353810742$0$global_signal'),
signal('cpu_ctrl_xmc4$02061325731$0',nmi_in,'cpu_ctrl_xmc4$02061325731$0$nmi_in'),
signal('cpu_ctrl_xmc4$086419393$0',db_tck,'cpu_ctrl_xmc4$086419393$0$db_tck'),
signal('cpu_ctrl_xmc4$086419393$0',db_tms,'cpu_ctrl_xmc4$086419393$0$db_tms'),
signal('rtc$0778729322$0',int,'rtc$0778729322$0$int'),
signal('rtc$1611735672$0',int,'rtc$1611735672$0$int'),
signal('sdmmc_block$1436290292$0',mmc_data_out0,'sdmmc_block$1436290292$0$mmc_data_out0'),
signal('sdmmc_block$1436290292$0',mmc_data_out1,'sdmmc_block$1436290292$0$mmc_data_out1'),
signal('sdmmc_block$1436290292$0',mmc_data_out2,'sdmmc_block$1436290292$0$mmc_data_out2'),
signal('sdmmc_block$1436290292$0',mmc_data_out3,'sdmmc_block$1436290292$0$mmc_data_out3'),
signal('sdmmc_block$1436290292$0',mmc_cmd_out,'sdmmc_block$1436290292$0$mmc_cmd_out'),
signal('sdmmc_block$1436290292$0',mmc_clk_out,'sdmmc_block$1436290292$0$mmc_clk_out'),
signal('sdmmc_block$01798394394$0',pad,'sdmmc_block$01798394394$0$pad'),
signal('sdmmc_block$01798394393$0',pad,'sdmmc_block$01798394393$0$pad'),
signal('sdmmc_block$01798394392$0',pad,'sdmmc_block$01798394392$0$pad'),
signal('sdmmc_block$01798394391$0',pad,'sdmmc_block$01798394391$0$pad'),
signal('sdmmc_block$1476960271$0',pad,'sdmmc_block$1476960271$0$pad'),
signal('sdmmc_block$1476960247$0',pad,'sdmmc_block$1476960247$0$pad'),
signal('sdmmc_block$01798394394$0',hw_o,'sdmmc_block$01798394394$0$hw_o'),
signal('sdmmc_block$01798394393$0',hw_o,'sdmmc_block$01798394393$0$hw_o'),
signal('sdmmc_block$01798394392$0',hw_o,'sdmmc_block$01798394392$0$hw_o'),
signal('sdmmc_block$01798394391$0',hw_o,'sdmmc_block$01798394391$0$hw_o'),
signal('sdmmc_block$1476960271$0',hw_o,'sdmmc_block$1476960271$0$hw_o'),
signal('sdmmc_block$1476960247$0',hw_o,'sdmmc_block$1476960247$0$hw_o'),
signal('sdmmc_block$1436290292$0',interrupt,'sdmmc_block$1436290292$0$interrupt'),
signal('sdmmc_block$1415229366$0',signal_in,'sdmmc_block$1415229366$0$signal_in'),
signal('sdmmc_block$0468003940$0',pin,'sdmmc_block$0468003940$0$pin'),
signal('sdmmc_block$0468003939$0',pin,'sdmmc_block$0468003939$0$pin'),
signal('sdmmc_block$0468003938$0',pin,'sdmmc_block$0468003938$0$pin'),
signal('sdmmc_block$0468003937$0',pin,'sdmmc_block$0468003937$0$pin'),
signal('sdmmc_block$897009177$0',pin,'sdmmc_block$897009177$0$pin'),
signal('sdmmc_block$897009153$0',pin,'sdmmc_block$897009153$0$pin'),
signal('digital_io$942081726$4',swreg_out,'digital_io$942081726$4$swreg_out'),
signal('digital_io$942081726$4',pad,'digital_io$942081726$4$pad'),
signal('digital_io$01975090232$4',pin,'digital_io$01975090232$4$pin'),
signal('digital_io$431547549$5',swreg_out,'digital_io$431547549$5$swreg_out'),
signal('digital_io$431547549$5',pad,'digital_io$431547549$5$pad'),
signal('digital_io$281820775$5',pin,'digital_io$281820775$5$pin'),
signal('digital_io$078986628$6',swreg_out,'digital_io$078986628$6$swreg_out'),
signal('digital_io$078986628$6',pad,'digital_io$078986628$6$pad'),
signal('digital_io$01756235514$6',pin,'digital_io$01756235514$6$pin'),
signal('digital_io$0589520805$7',swreg_out,'digital_io$0589520805$7$swreg_out'),
signal('digital_io$0589520805$7',pad,'digital_io$0589520805$7$pad'),
signal('digital_io$500675493$7',pin,'digital_io$500675493$7$pin'),
connected('spi_master$203101725$0$pin','spi_master$01541715097$0$pad',1),
connected('spi_master$203101726$0$pin','spi_master$01541715096$0$pad',1),
connected('spi_master$01613663573$0$pin','spi_master$131589793$0$pad',1),
connected('spi_master$848756091$0$dout0','spi_master$01541715097$0$pad',1),
connected('spi_master$01541715097$0$pad','spi_master$203101725$0$pin',1),
connected('spi_master$01541715096$0$pad','spi_master$203101726$0$pin',1),
connected('spi_master$01541715096$0$pad','spi_master$848756091$0$dx0ins',1),
connected('spi_master$131589793$0$pad','spi_master$01613663573$0$pin',1),
connected('spi_master$848756091$0$sclkout','spi_master$131589793$0$pad',1),
connected('digital_io$0155888661$1$pin','digital_io$01821283039$1$pad',1),
connected('digital_io$01821283039$1$pad','digital_io$0155888661$1$pin',1),
connected('digital_io$62966057$3$pin','digital_io$1452615903$3$pad',1),
connected('digital_io$1452615903$3$pad','digital_io$62966057$3$pin',1),
connected('global_adc$02109655125$0$global_signal','adc_measurement$0960477383$0$global_signal',1),
connected('adc_measurement$0315738293$0$res_sel','adc_measurement$2111700269$0$res_sel',1),
connected('adc_measurement$0680805286$0$pad','adc_measurement$0315738293$0$gch',1),
connected('adc_measurement$0680805286$0$pad','adc_measurement$0124857238$0$pin',1),
connected('adc_measurement$0124857238$0$pin','adc_measurement$0680805286$0$pad',1),
connected('adc_measurement$0960477383$0$sev0','adc_measurement$1888029967$0$signal_in',1),
connected('clock_xmc4$01041918535$0$fccu','global_ccu4$595667498$0$clk',1),
connected('timer$1353810742$0$pmus_omds','adc_measurement$0960477383$0$bgreqtrsel',1),
connected('global_ccu4$595667498$0$global_signal','timer$1353810742$0$global_signal',1),
connected('sdmmc_block$897009153$0$pin','sdmmc_block$1476960247$0$pad',1),
connected('sdmmc_block$897009177$0$pin','sdmmc_block$1476960271$0$pad',1),
connected('sdmmc_block$0468003940$0$pin','sdmmc_block$01798394394$0$pad',1),
connected('sdmmc_block$0468003939$0$pin','sdmmc_block$01798394393$0$pad',1),
connected('sdmmc_block$0468003938$0$pin','sdmmc_block$01798394392$0$pad',1),
connected('sdmmc_block$0468003937$0$pin','sdmmc_block$01798394391$0$pad',1),
connected('sdmmc_block$1436290292$0$mmc_clk_out','sdmmc_block$1476960247$0$hw_o',1),
connected('sdmmc_block$1436290292$0$mmc_cmd_out','sdmmc_block$1476960271$0$hw_o',1),
connected('sdmmc_block$1436290292$0$mmc_data_out0','sdmmc_block$01798394394$0$hw_o',1),
connected('sdmmc_block$1436290292$0$mmc_data_out1','sdmmc_block$01798394393$0$hw_o',1),
connected('sdmmc_block$1436290292$0$mmc_data_out2','sdmmc_block$01798394392$0$hw_o',1),
connected('sdmmc_block$1436290292$0$mmc_data_out3','sdmmc_block$01798394391$0$hw_o',1),
connected('sdmmc_block$1436290292$0$interrupt','sdmmc_block$1415229366$0$signal_in',1),
connected('sdmmc_block$1476960247$0$pad','sdmmc_block$897009153$0$pin',1),
connected('sdmmc_block$1476960271$0$pad','sdmmc_block$897009177$0$pin',1),
connected('sdmmc_block$01798394394$0$pad','sdmmc_block$0468003940$0$pin',1),
connected('sdmmc_block$01798394393$0$pad','sdmmc_block$0468003939$0$pin',1),
connected('sdmmc_block$01798394392$0$pad','sdmmc_block$0468003938$0$pin',1),
connected('sdmmc_block$01798394391$0$pad','sdmmc_block$0468003937$0$pin',1),
connected('digital_io$01975090232$4$pin','digital_io$942081726$4$pad',1),
connected('digital_io$942081726$4$pad','digital_io$01975090232$4$pin',1),
connected('digital_io$281820775$5$pin','digital_io$431547549$5$pad',1),
connected('digital_io$431547549$5$pad','digital_io$281820775$5$pin',1),
connected('digital_io$01756235514$6$pin','digital_io$078986628$6$pad',1),
connected('digital_io$078986628$6$pad','digital_io$01756235514$6$pin',1),
connected('digital_io$500675493$7$pin','digital_io$0589520805$7$pad',1),
connected('digital_io$0589520805$7$pad','digital_io$500675493$7$pin',1),
register_value('sdmmc_block$01798394391$0',iocr_oe,1),
register_value('sdmmc_block$01798394392$0',iocr_oe,1),
register_value('sdmmc_block$01798394393$0',iocr_oe,1),
register_value('sdmmc_block$1476960247$0',iocr_oe,1),
register_value('sdmmc_block$01798394394$0',iocr_oe,1),
uri_element_range(DIGITAL_IO3sv0,[0, 1, 2, 3, 4, 5, 6, 7, 8, 9]),
register_value('digital_io$1452615903$3',iocr_oe,1),
rg_constraint_property_value('digital_io$1452615903$3', speed_class of rg_property, ['A1','A1+','A2']),
uri_element_range(DIGITAL_IO4sv0,[0, 1, 2, 3, 4, 5, 6, 7, 8, 9]),
register_value('digital_io$942081726$4',iocr_oe,1),
rg_constraint_property_value('digital_io$942081726$4', speed_class of rg_property, ['A1','A1+','A2']),
uri_element_range(DIGITAL_IO1sv0,[0, 1, 2, 3, 4, 5, 6, 7, 8, 9]),
register_value('digital_io$01821283039$1',iocr_oe,1),
rg_constraint_property_value('digital_io$01821283039$1', speed_class of rg_property, ['A1','A1+','A2']),
uri_element_range(DIGITAL_IO6sv0,[0, 1, 2, 3, 4, 5, 6, 7, 8, 9]),
register_value('digital_io$078986628$6',iocr_oe,1),
rg_constraint_property_value('digital_io$078986628$6', speed_class of rg_property, ['A1','A1+','A2']),
uri_element_range(DIGITAL_IO5sv0,[0, 1, 2, 3, 4, 5, 6, 7, 8, 9]),
register_value('digital_io$431547549$5',iocr_oe,1),
rg_constraint_property_value('digital_io$431547549$5', speed_class of rg_property, ['A1','A1+','A2']),
register_value('sdmmc_block$1476960271$0',iocr_oe,1),
rg_constraint_property_value('spi_master$131589793$0', speed_class of rg_property, ['A1+','A2']),
uri_element_range(DIGITAL_IO7sv0,[0, 1, 2, 3, 4, 5, 6, 7, 8, 9]),
register_value('digital_io$0589520805$7',iocr_oe,1),
rg_constraint_property_value('digital_io$0589520805$7', speed_class of rg_property, ['A1','A1+','A2']),
register_value('spi_master$848756091$0',ccr_hpcen,0),
register_value('spi_master$848756091$0',tbctr_size,0),
register_value('spi_master$848756091$0',rbctr_size,0),
rg_constraint_property_value('spi_master$01541715096$0', speed_class of rg_property, ['A1','A1+','A2']),
uri_element_range(SPI_MASTER0sv0,[0, 1, 2, 3, 4, 5, 6, 7, 8, 9, 14, 15]),
rg_constraint_property_value('spi_master$01541715097$0', speed_class of rg_property, ['A1+','A2'])], 'adc_measurement','0', Output_signals),15,writeln(timeout),all_solution, Timer, Due, Remainder).



Apr 09, 2021 9:23:39 AM java.util.logging.LogManager$RootLogger log
INFO: 
End of solver : getOutputSignals() :  Difference in ms 439


