   1              	 .syntax unified
   2              	 .cpu cortex-m4
   3              	 .eabi_attribute 27,3
   4              	 .fpu fpv4-sp-d16
   5              	 .eabi_attribute 20,1
   6              	 .eabi_attribute 21,1
   7              	 .eabi_attribute 23,3
   8              	 .eabi_attribute 24,1
   9              	 .eabi_attribute 25,1
  10              	 .eabi_attribute 26,1
  11              	 .eabi_attribute 30,4
  12              	 .eabi_attribute 34,1
  13              	 .eabi_attribute 18,4
  14              	 .thumb
  15              	 .file "cpu_ctrl_xmc4.c"
  16              	 .section .text.CPU_CTRL_XMC4_GetAppVersion,"ax",%progbits
  17              	 .align 1
  18              	 .global CPU_CTRL_XMC4_GetAppVersion
  19              	 .thumb
  20              	 .thumb_func
  22              	CPU_CTRL_XMC4_GetAppVersion:
  23              	 
  24              	 
  25              	 
  26 0000 0023     	 movs r3,#0
  27 0002 1846     	 mov r0,r3
  28 0004 0422     	 movs r2,#4
  29 0006 62F30700 	 bfi r0,r2,#0,#8
  30 000a 63F30F20 	 bfi r0,r3,#8,#8
  31 000e 1023     	 movs r3,#16
  32 0010 63F31740 	 bfi r0,r3,#16,#8
  33 0014 82B0     	 sub sp,sp,#8
  34 0016 02B0     	 add sp,sp,#8
  35              	 
  36 0018 7047     	 bx lr
  38              	 .section .text.CPU_CTRL_XMC4_Init,"ax",%progbits
  39              	 .align 1
  40              	 .global CPU_CTRL_XMC4_Init
  41              	 .thumb
  42              	 .thumb_func
  44              	CPU_CTRL_XMC4_Init:
  45              	 
  46              	 
  47              	 
  48 0000 0020     	 movs r0,#0
  49 0002 7047     	 bx lr
  51              	 .section .text.CPU_CTRL_XMC4_MPU_Enable,"ax",%progbits
  52              	 .align 1
  53              	 .global CPU_CTRL_XMC4_MPU_Enable
  54              	 .thumb
  55              	 .thumb_func
  57              	CPU_CTRL_XMC4_MPU_Enable:
  58              	 
  59              	 
  60              	 
  61 0000 044B     	 ldr r3,.L4
  62 0002 40F00100 	 orr r0,r0,#1
  63 0006 5860     	 str r0,[r3,#4]
  64              	
  65 0008 BFF34F8F 	 dsb 0xF
  66              	
  67              	
  68 000c BFF36F8F 	 isb 0xF
  69              	
  70              	 .thumb
  71 0010 7047     	 bx lr
  72              	.L5:
  73 0012 00BF     	 .align 2
  74              	.L4:
  75 0014 90ED00E0 	 .word -536810096
  77              	 .section .text.CPU_CTRL_XMC4_MPU_Disable,"ax",%progbits
  78              	 .align 1
  79              	 .global CPU_CTRL_XMC4_MPU_Disable
  80              	 .thumb
  81              	 .thumb_func
  83              	CPU_CTRL_XMC4_MPU_Disable:
  84              	 
  85              	 
  86              	 
  87              	
  88 0000 BFF35F8F 	 dmb 0xF
  89              	
  90              	 .thumb
  91 0004 014B     	 ldr r3,.L7
  92 0006 0022     	 movs r2,#0
  93 0008 5A60     	 str r2,[r3,#4]
  94 000a 7047     	 bx lr
  95              	.L8:
  96              	 .align 2
  97              	.L7:
  98 000c 90ED00E0 	 .word -536810096
 100              	 .ident "GCC: (GNU Tools for ARM Embedded Processors) 4.9.3 20141119 (release) [ARM/embedded-4_9-branch revision 218278]"
DEFINED SYMBOLS
                            *ABS*:00000000 cpu_ctrl_xmc4.c
    {standard input}:17     .text.CPU_CTRL_XMC4_GetAppVersion:00000000 $t
    {standard input}:22     .text.CPU_CTRL_XMC4_GetAppVersion:00000000 CPU_CTRL_XMC4_GetAppVersion
    {standard input}:39     .text.CPU_CTRL_XMC4_Init:00000000 $t
    {standard input}:44     .text.CPU_CTRL_XMC4_Init:00000000 CPU_CTRL_XMC4_Init
    {standard input}:52     .text.CPU_CTRL_XMC4_MPU_Enable:00000000 $t
    {standard input}:57     .text.CPU_CTRL_XMC4_MPU_Enable:00000000 CPU_CTRL_XMC4_MPU_Enable
    {standard input}:75     .text.CPU_CTRL_XMC4_MPU_Enable:00000014 $d
    {standard input}:78     .text.CPU_CTRL_XMC4_MPU_Disable:00000000 $t
    {standard input}:83     .text.CPU_CTRL_XMC4_MPU_Disable:00000000 CPU_CTRL_XMC4_MPU_Disable
    {standard input}:98     .text.CPU_CTRL_XMC4_MPU_Disable:0000000c $d

NO UNDEFINED SYMBOLS
