   1              	 .syntax unified
   2              	 .cpu cortex-m4
   3              	 .eabi_attribute 27,3
   4              	 .fpu fpv4-sp-d16
   5              	 .eabi_attribute 20,1
   6              	 .eabi_attribute 21,1
   7              	 .eabi_attribute 23,3
   8              	 .eabi_attribute 24,1
   9              	 .eabi_attribute 25,1
  10              	 .eabi_attribute 26,1
  11              	 .eabi_attribute 30,4
  12              	 .eabi_attribute 34,1
  13              	 .eabi_attribute 18,4
  14              	 .thumb
  15              	 .file "DAVE.c"
  16              	 .section .text.DAVE_Init,"ax",%progbits
  17              	 .align 1
  18              	 .weak DAVE_Init
  19              	 .thumb
  20              	 .thumb_func
  22              	DAVE_Init:
  23              	 
  24              	 
  25 0000 08B5     	 push {r3,lr}
  26 0002 0F48     	 ldr r0,.L8
  27 0004 FFF7FEFF 	 bl CLOCK_XMC4_Init
  28 0008 C0B9     	 cbnz r0,.L6
  29 000a 0E48     	 ldr r0,.L8+4
  30 000c FFF7FEFF 	 bl SPI_MASTER_Init
  31 0010 A0B9     	 cbnz r0,.L6
  32 0012 0D48     	 ldr r0,.L8+8
  33 0014 FFF7FEFF 	 bl DIGITAL_IO_Init
  34 0018 80B9     	 cbnz r0,.L6
  35 001a 0C48     	 ldr r0,.L8+12
  36 001c FFF7FEFF 	 bl DIGITAL_IO_Init
  37 0020 60B9     	 cbnz r0,.L6
  38 0022 0B48     	 ldr r0,.L8+16
  39 0024 FFF7FEFF 	 bl ADC_MEASUREMENT_Init
  40 0028 40B9     	 cbnz r0,.L6
  41 002a 0A48     	 ldr r0,.L8+20
  42 002c FFF7FEFF 	 bl TIMER_Init
  43 0030 20B9     	 cbnz r0,.L6
  44 0032 0948     	 ldr r0,.L8+24
  45 0034 BDE80840 	 pop {r3,lr}
  46 0038 FFF7FEBF 	 b FATFS_Init
  47              	.L6:
  48 003c 08BD     	 pop {r3,pc}
  49              	.L9:
  50 003e 00BF     	 .align 2
  51              	.L8:
  52 0040 00000000 	 .word CLOCK_XMC4_0
  53 0044 00000000 	 .word SPI_MASTER_0
  54 0048 00000000 	 .word IO_DIO_DIGOUT_PD_TFT
  55 004c 00000000 	 .word IO_DIO_DIGOUT_CS_TFT
  56 0050 00000000 	 .word ADC_MEASUREMENT_0
  57 0054 00000000 	 .word TIMER_0
  58 0058 00000000 	 .word FATFS_0
  60              	 .ident "GCC: (GNU Tools for ARM Embedded Processors) 4.9.3 20141119 (release) [ARM/embedded-4_9-branch revision 218278]"
DEFINED SYMBOLS
                            *ABS*:00000000 DAVE.c
    {standard input}:17     .text.DAVE_Init:00000000 $t
    {standard input}:22     .text.DAVE_Init:00000000 DAVE_Init
    {standard input}:52     .text.DAVE_Init:00000040 $d

UNDEFINED SYMBOLS
CLOCK_XMC4_Init
SPI_MASTER_Init
DIGITAL_IO_Init
ADC_MEASUREMENT_Init
TIMER_Init
FATFS_Init
CLOCK_XMC4_0
SPI_MASTER_0
IO_DIO_DIGOUT_PD_TFT
IO_DIO_DIGOUT_CS_TFT
ADC_MEASUREMENT_0
TIMER_0
FATFS_0
