   1              	 .syntax unified
   2              	 .cpu cortex-m4
   3              	 .eabi_attribute 27,3
   4              	 .fpu fpv4-sp-d16
   5              	 .eabi_attribute 20,1
   6              	 .eabi_attribute 21,1
   7              	 .eabi_attribute 23,3
   8              	 .eabi_attribute 24,1
   9              	 .eabi_attribute 25,1
  10              	 .eabi_attribute 26,1
  11              	 .eabi_attribute 30,4
  12              	 .eabi_attribute 34,1
  13              	 .eabi_attribute 18,4
  14              	 .thumb
  15              	 .file "fatfs_conf.c"
  16              	 .global FATFS_0
  17              	 .global sdmmc_block
  18              	 .section .data.FATFS_0,"aw",%progbits
  19              	 .align 2
  22              	FATFS_0:
  23 0000 00000000 	 .word RTC_0
  24 0004 00       	 .byte 0
  25 0005 000000   	 .space 3
  26              	 .section .rodata.sdmmc_block,"a",%progbits
  27              	 .align 2
  30              	sdmmc_block:
  31 0000 00000000 	 .word SDMMC_BLOCK_0
  32              	 .ident "GCC: (GNU Tools for ARM Embedded Processors) 4.9.3 20141119 (release) [ARM/embedded-4_9-branch revision 218278]"
DEFINED SYMBOLS
                            *ABS*:00000000 fatfs_conf.c
    {standard input}:22     .data.FATFS_0:00000000 FATFS_0
    {standard input}:30     .rodata.sdmmc_block:00000000 sdmmc_block
    {standard input}:19     .data.FATFS_0:00000000 $d
    {standard input}:27     .rodata.sdmmc_block:00000000 $d

UNDEFINED SYMBOLS
RTC_0
SDMMC_BLOCK_0
