   1              	 .syntax unified
   2              	 .cpu cortex-m4
   3              	 .eabi_attribute 27,3
   4              	 .fpu fpv4-sp-d16
   5              	 .eabi_attribute 20,1
   6              	 .eabi_attribute 21,1
   7              	 .eabi_attribute 23,3
   8              	 .eabi_attribute 24,1
   9              	 .eabi_attribute 25,1
  10              	 .eabi_attribute 26,1
  11              	 .eabi_attribute 30,4
  12              	 .eabi_attribute 34,1
  13              	 .eabi_attribute 18,4
  14              	 .thumb
  15              	 .file "systimer_conf.c"
  16              	 .global SYSTIMER_0
  17              	 .section .bss.SYSTIMER_0,"aw",%nobits
  20              	SYSTIMER_0:
  21 0000 00       	 .space 1
  22              	 .ident "GCC: (GNU Tools for ARM Embedded Processors) 4.9.3 20141119 (release) [ARM/embedded-4_9-branch revision 218278]"
DEFINED SYMBOLS
                            *ABS*:00000000 systimer_conf.c
    {standard input}:20     .bss.SYSTIMER_0:00000000 SYSTIMER_0
    {standard input}:21     .bss.SYSTIMER_0:00000000 $d

NO UNDEFINED SYMBOLS
