   1              	 .syntax unified
   2              	 .cpu cortex-m4
   3              	 .eabi_attribute 27,3
   4              	 .fpu fpv4-sp-d16
   5              	 .eabi_attribute 20,1
   6              	 .eabi_attribute 21,1
   7              	 .eabi_attribute 23,3
   8              	 .eabi_attribute 24,1
   9              	 .eabi_attribute 25,1
  10              	 .eabi_attribute 26,1
  11              	 .eabi_attribute 30,4
  12              	 .eabi_attribute 34,1
  13              	 .eabi_attribute 18,4
  14              	 .thumb
  15              	 .file "spi_master.c"
  16              	 .section .text.SPI_MASTER_lReceivePolling,"ax",%progbits
  17              	 .align 1
  18              	 .thumb
  19              	 .thumb_func
  21              	SPI_MASTER_lReceivePolling:
  22              	 
  23              	 
  24 0000 F8B5     	 push {r3,r4,r5,r6,r7,lr}
  25 0002 8468     	 ldr r4,[r0,#8]
  26 0004 0768     	 ldr r7,[r0]
  27 0006 0023     	 movs r3,#0
  28 0008 2361     	 str r3,[r4,#16]
  29 000a A360     	 str r3,[r4,#8]
  30 000c 2368     	 ldr r3,[r4]
  31 000e 227F     	 ldrb r2,[r4,#28]
  32 0010 092B     	 cmp r3,#9
  33 0012 34BF     	 ite cc
  34 0014 0125     	 movcc r5,#1
  35 0016 0225     	 movcs r5,#2
  36 0018 6B1E     	 subs r3,r5,#1
  37 001a 9940     	 lsls r1,r1,r3
  38 001c 3B6C     	 ldr r3,[r7,#64]
  39 001e E160     	 str r1,[r4,#12]
  40 0020 9201     	 lsls r2,r2,#6
  41 0022 D2B2     	 uxtb r2,r2
  42 0024 23F0C003 	 bic r3,r3,#192
  43 0028 1343     	 orrs r3,r3,r2
  44 002a 3B64     	 str r3,[r7,#64]
  45 002c 4368     	 ldr r3,[r0,#4]
  46 002e 93F87D30 	 ldrb r3,[r3,#125]
  47 0032 0646     	 mov r6,r0
  48 0034 002B     	 cmp r3,#0
  49 0036 61D0     	 beq .L3
  50 0038 4FF48043 	 mov r3,#16384
  51 003c C7F81831 	 str r3,[r7,#280]
  52 0040 3846     	 mov r0,r7
  53 0042 FFF7FEFF 	 bl XMC_SPI_CH_GetReceivedData
  54 0046 3846     	 mov r0,r7
  55 0048 FFF7FEFF 	 bl XMC_SPI_CH_GetReceivedData
  56 004c 94F82130 	 ldrb r3,[r4,#33]
  57 0050 3268     	 ldr r2,[r6]
  58 0052 23B1     	 cbz r3,.L4
  59 0054 237F     	 ldrb r3,[r4,#28]
  60 0056 4FF6FF71 	 movw r1,#65535
  61 005a 6033     	 adds r3,r3,#96
  62 005c 07E0     	 b .L46
  63              	.L4:
  64 005e A369     	 ldr r3,[r4,#24]
  65 0060 A168     	 ldr r1,[r4,#8]
  66 0062 022D     	 cmp r5,#2
  67 0064 0CBF     	 ite eq
  68 0066 595A     	 ldrheq r1,[r3,r1]
  69 0068 595C     	 ldrbne r1,[r3,r1]
  70 006a 237F     	 ldrb r3,[r4,#28]
  71 006c 6033     	 adds r3,r3,#96
  72              	.L46:
  73 006e 42F82310 	 str r1,[r2,r3,lsl#2]
  74              	.L48:
  75 0072 A368     	 ldr r3,[r4,#8]
  76 0074 3068     	 ldr r0,[r6]
  77 0076 2B44     	 add r3,r3,r5
  78 0078 A360     	 str r3,[r4,#8]
  79 007a A268     	 ldr r2,[r4,#8]
  80 007c E368     	 ldr r3,[r4,#12]
  81 007e 9A42     	 cmp r2,r3
  82 0080 26D2     	 bcs .L16
  83 0082 94F82130 	 ldrb r3,[r4,#33]
  84 0086 23B1     	 cbz r3,.L9
  85 0088 237F     	 ldrb r3,[r4,#28]
  86 008a 4FF6FF72 	 movw r2,#65535
  87 008e 6033     	 adds r3,r3,#96
  88 0090 07E0     	 b .L47
  89              	.L9:
  90 0092 A369     	 ldr r3,[r4,#24]
  91 0094 A268     	 ldr r2,[r4,#8]
  92 0096 022D     	 cmp r5,#2
  93 0098 0CBF     	 ite eq
  94 009a 9A5A     	 ldrheq r2,[r3,r2]
  95 009c 9A5C     	 ldrbne r2,[r3,r2]
  96 009e 237F     	 ldrb r3,[r4,#28]
  97 00a0 6033     	 adds r3,r3,#96
  98              	.L47:
  99 00a2 40F82320 	 str r2,[r0,r3,lsl#2]
 100              	.L13:
 101 00a6 D0F81431 	 ldr r3,[r0,#276]
 102 00aa 1F07     	 lsls r7,r3,#28
 103 00ac FBD4     	 bmi .L13
 104 00ae FFF7FEFF 	 bl XMC_SPI_CH_GetReceivedData
 105 00b2 2369     	 ldr r3,[r4,#16]
 106 00b4 6269     	 ldr r2,[r4,#20]
 107 00b6 D054     	 strb r0,[r2,r3]
 108 00b8 022D     	 cmp r5,#2
 109 00ba 01BF     	 itttt eq
 110 00bc 2369     	 ldreq r3,[r4,#16]
 111 00be 6269     	 ldreq r2,[r4,#20]
 112 00c0 9B18     	 addeq r3,r3,r2
 113 00c2 000A     	 lsreq r0,r0,#8
 114 00c4 08BF     	 it eq
 115 00c6 5870     	 strbeq r0,[r3,#1]
 116 00c8 2369     	 ldr r3,[r4,#16]
 117 00ca 2B44     	 add r3,r3,r5
 118 00cc 2361     	 str r3,[r4,#16]
 119 00ce D0E7     	 b .L48
 120              	.L16:
 121 00d0 D0F81431 	 ldr r3,[r0,#276]
 122 00d4 1907     	 lsls r1,r3,#28
 123 00d6 FBD4     	 bmi .L16
 124 00d8 FFF7FEFF 	 bl XMC_SPI_CH_GetReceivedData
 125 00dc 2369     	 ldr r3,[r4,#16]
 126 00de 6269     	 ldr r2,[r4,#20]
 127 00e0 D054     	 strb r0,[r2,r3]
 128 00e2 022D     	 cmp r5,#2
 129 00e4 01BF     	 itttt eq
 130 00e6 2369     	 ldreq r3,[r4,#16]
 131 00e8 6269     	 ldreq r2,[r4,#20]
 132 00ea 9B18     	 addeq r3,r3,r2
 133 00ec 000A     	 lsreq r0,r0,#8
 134 00ee 08BF     	 it eq
 135 00f0 5870     	 strbeq r0,[r3,#1]
 136 00f2 3368     	 ldr r3,[r6]
 137 00f4 0522     	 movs r2,#5
 138 00f6 C3F81821 	 str r2,[r3,#280]
 139 00fa 6BE0     	 b .L18
 140              	.L3:
 141 00fc 3846     	 mov r0,r7
 142 00fe FFF7FEFF 	 bl XMC_SPI_CH_GetReceivedData
 143 0102 3846     	 mov r0,r7
 144 0104 FFF7FEFF 	 bl XMC_SPI_CH_GetReceivedData
 145 0108 3368     	 ldr r3,[r6]
 146              	.L19:
 147 010a 9A6B     	 ldr r2,[r3,#56]
 148 010c 1206     	 lsls r2,r2,#24
 149 010e FCD4     	 bmi .L19
 150 0110 94F82120 	 ldrb r2,[r4,#33]
 151 0114 22B1     	 cbz r2,.L20
 152 0116 227F     	 ldrb r2,[r4,#28]
 153 0118 4FF6FF71 	 movw r1,#65535
 154 011c 2032     	 adds r2,r2,#32
 155 011e 07E0     	 b .L49
 156              	.L20:
 157 0120 A269     	 ldr r2,[r4,#24]
 158 0122 A168     	 ldr r1,[r4,#8]
 159 0124 022D     	 cmp r5,#2
 160 0126 0CBF     	 ite eq
 161 0128 515A     	 ldrheq r1,[r2,r1]
 162 012a 515C     	 ldrbne r1,[r2,r1]
 163 012c 227F     	 ldrb r2,[r4,#28]
 164 012e 2032     	 adds r2,r2,#32
 165              	.L49:
 166 0130 43F82210 	 str r1,[r3,r2,lsl#2]
 167 0134 A368     	 ldr r3,[r4,#8]
 168 0136 2B44     	 add r3,r3,r5
 169 0138 A360     	 str r3,[r4,#8]
 170              	.L24:
 171 013a A268     	 ldr r2,[r4,#8]
 172 013c E368     	 ldr r3,[r4,#12]
 173 013e 3068     	 ldr r0,[r6]
 174 0140 9A42     	 cmp r2,r3
 175 0142 31D2     	 bcs .L33
 176              	.L25:
 177 0144 836B     	 ldr r3,[r0,#56]
 178 0146 1B06     	 lsls r3,r3,#24
 179 0148 FCD4     	 bmi .L25
 180 014a 94F82130 	 ldrb r3,[r4,#33]
 181 014e 23B1     	 cbz r3,.L26
 182 0150 237F     	 ldrb r3,[r4,#28]
 183 0152 4FF6FF72 	 movw r2,#65535
 184 0156 2033     	 adds r3,r3,#32
 185 0158 07E0     	 b .L50
 186              	.L26:
 187 015a A369     	 ldr r3,[r4,#24]
 188 015c A268     	 ldr r2,[r4,#8]
 189 015e 022D     	 cmp r5,#2
 190 0160 0CBF     	 ite eq
 191 0162 9A5A     	 ldrheq r2,[r3,r2]
 192 0164 9A5C     	 ldrbne r2,[r3,r2]
 193 0166 237F     	 ldrb r3,[r4,#28]
 194 0168 2033     	 adds r3,r3,#32
 195              	.L50:
 196 016a 40F82320 	 str r2,[r0,r3,lsl#2]
 197              	.L30:
 198 016e 036D     	 ldr r3,[r0,#80]
 199 0170 13F4C04F 	 tst r3,#24576
 200 0174 FBD0     	 beq .L30
 201 0176 FFF7FEFF 	 bl XMC_SPI_CH_GetReceivedData
 202 017a 2369     	 ldr r3,[r4,#16]
 203 017c 6269     	 ldr r2,[r4,#20]
 204 017e D054     	 strb r0,[r2,r3]
 205 0180 022D     	 cmp r5,#2
 206 0182 01BF     	 itttt eq
 207 0184 2369     	 ldreq r3,[r4,#16]
 208 0186 6269     	 ldreq r2,[r4,#20]
 209 0188 9B18     	 addeq r3,r3,r2
 210 018a 000A     	 lsreq r0,r0,#8
 211 018c 08BF     	 it eq
 212 018e 5870     	 strbeq r0,[r3,#1]
 213 0190 2369     	 ldr r3,[r4,#16]
 214 0192 3268     	 ldr r2,[r6]
 215 0194 2B44     	 add r3,r3,r5
 216 0196 2361     	 str r3,[r4,#16]
 217 0198 A368     	 ldr r3,[r4,#8]
 218 019a 2B44     	 add r3,r3,r5
 219 019c A360     	 str r3,[r4,#8]
 220 019e D36C     	 ldr r3,[r2,#76]
 221 01a0 43F44043 	 orr r3,r3,#49152
 222 01a4 D364     	 str r3,[r2,#76]
 223 01a6 C8E7     	 b .L24
 224              	.L33:
 225 01a8 036D     	 ldr r3,[r0,#80]
 226 01aa 13F4C04F 	 tst r3,#24576
 227 01ae FBD0     	 beq .L33
 228 01b0 FFF7FEFF 	 bl XMC_SPI_CH_GetReceivedData
 229 01b4 2369     	 ldr r3,[r4,#16]
 230 01b6 6269     	 ldr r2,[r4,#20]
 231 01b8 D054     	 strb r0,[r2,r3]
 232 01ba 022D     	 cmp r5,#2
 233 01bc 01BF     	 itttt eq
 234 01be 2369     	 ldreq r3,[r4,#16]
 235 01c0 6269     	 ldreq r2,[r4,#20]
 236 01c2 9B18     	 addeq r3,r3,r2
 237 01c4 000A     	 lsreq r0,r0,#8
 238 01c6 08BF     	 it eq
 239 01c8 5870     	 strbeq r0,[r3,#1]
 240 01ca 3268     	 ldr r2,[r6]
 241 01cc D36C     	 ldr r3,[r2,#76]
 242 01ce 43F44043 	 orr r3,r3,#49152
 243 01d2 D364     	 str r3,[r2,#76]
 244              	.L18:
 245 01d4 0020     	 movs r0,#0
 246 01d6 2061     	 str r0,[r4,#16]
 247 01d8 E060     	 str r0,[r4,#12]
 248 01da A060     	 str r0,[r4,#8]
 249 01dc F8BD     	 pop {r3,r4,r5,r6,r7,pc}
 251              	 .section .text.SPI_MASTER_GetAppVersion,"ax",%progbits
 252              	 .align 1
 253              	 .global SPI_MASTER_GetAppVersion
 254              	 .thumb
 255              	 .thumb_func
 257              	SPI_MASTER_GetAppVersion:
 258              	 
 259              	 
 260              	 
 261 0000 0423     	 movs r3,#4
 262 0002 0020     	 movs r0,#0
 263 0004 63F30700 	 bfi r0,r3,#0,#8
 264 0008 0323     	 movs r3,#3
 265 000a 63F30F20 	 bfi r0,r3,#8,#8
 266 000e 1A23     	 movs r3,#26
 267 0010 63F31740 	 bfi r0,r3,#16,#8
 268 0014 82B0     	 sub sp,sp,#8
 269 0016 02B0     	 add sp,sp,#8
 270              	 
 271 0018 7047     	 bx lr
 273              	 .section .text.SPI_MASTER_Init,"ax",%progbits
 274              	 .align 1
 275              	 .global SPI_MASTER_Init
 276              	 .thumb
 277              	 .thumb_func
 279              	SPI_MASTER_Init:
 280              	 
 281              	 
 282              	 
 283 0000 4368     	 ldr r3,[r0,#4]
 284 0002 5B68     	 ldr r3,[r3,#4]
 285 0004 1847     	 bx r3
 287              	 .section .text.SPI_MASTER_SetMode,"ax",%progbits
 288              	 .align 1
 289              	 .global SPI_MASTER_SetMode
 290              	 .thumb
 291              	 .thumb_func
 293              	SPI_MASTER_SetMode:
 294              	 
 295              	 
 296 0000 38B5     	 push {r3,r4,r5,lr}
 297 0002 8368     	 ldr r3,[r0,#8]
 298 0004 93F82020 	 ldrb r2,[r3,#32]
 299 0008 0446     	 mov r4,r0
 300 000a D2B9     	 cbnz r2,.L64
 301 000c DA7F     	 ldrb r2,[r3,#31]
 302 000e 02F0FF00 	 and r0,r2,#255
 303 0012 B2B9     	 cbnz r2,.L64
 304 0014 1A7F     	 ldrb r2,[r3,#28]
 305 0016 8A42     	 cmp r2,r1
 306 0018 77D0     	 beq .L72
 307 001a 6268     	 ldr r2,[r4,#4]
 308 001c 92F88600 	 ldrb r0,[r2,#134]
 309 0020 0528     	 cmp r0,#5
 310 0022 10D0     	 beq .L70
 311 0024 8842     	 cmp r0,r1
 312 0026 0ED3     	 bcc .L70
 313 0028 10B9     	 cbnz r0,.L56
 314 002a 0529     	 cmp r1,#5
 315 002c 0BD8     	 bhi .L70
 316 002e 0CE0     	 b .L57
 317              	.L56:
 318 0030 09B9     	 cbnz r1,.L58
 319 0032 587F     	 ldrb r0,[r3,#29]
 320 0034 02E0     	 b .L74
 321              	.L58:
 322 0036 0529     	 cmp r1,#5
 323 0038 07D1     	 bne .L57
 324 003a 987F     	 ldrb r0,[r3,#30]
 325              	.L74:
 326 003c 0728     	 cmp r0,#7
 327 003e 04D1     	 bne .L57
 328 0040 01E0     	 b .L70
 329              	.L64:
 330 0042 0220     	 movs r0,#2
 331 0044 38BD     	 pop {r3,r4,r5,pc}
 332              	.L70:
 333 0046 0120     	 movs r0,#1
 334 0048 38BD     	 pop {r3,r4,r5,pc}
 335              	.L57:
 336 004a 1977     	 strb r1,[r3,#28]
 337 004c 197F     	 ldrb r1,[r3,#28]
 338 004e 0729     	 cmp r1,#7
 339 0050 59D8     	 bhi .L71
 340 0052 DFE801F0 	 tbb [pc,r1]
 341              	.L62:
 342 0056 04       	 .byte (.L59-.L62)/2
 343 0057 58       	 .byte (.L71-.L62)/2
 344 0058 58       	 .byte (.L71-.L62)/2
 345 0059 58       	 .byte (.L71-.L62)/2
 346 005a 58       	 .byte (.L71-.L62)/2
 347 005b 21       	 .byte (.L60-.L62)/2
 348 005c 35       	 .byte (.L61-.L62)/2
 349 005d 35       	 .byte (.L61-.L62)/2
 350              	 .p2align 1
 351              	.L59:
 352 005e 2068     	 ldr r0,[r4]
 353 0060 5D7F     	 ldrb r5,[r3,#29]
 354 0062 C169     	 ldr r1,[r0,#28]
 355 0064 21F05001 	 bic r1,r1,#80
 356 0068 41F01001 	 orr r1,r1,#16
 357 006c C161     	 str r1,[r0,#28]
 358 006e C369     	 ldr r3,[r0,#28]
 359 0070 23F00703 	 bic r3,r3,#7
 360 0074 2B43     	 orrs r3,r3,r5
 361 0076 C361     	 str r3,[r0,#28]
 362 0078 1369     	 ldr r3,[r2,#16]
 363 007a 0022     	 movs r2,#0
 364 007c 1868     	 ldr r0,[r3]
 365 007e 1979     	 ldrb r1,[r3,#4]
 366 0080 FFF7FEFF 	 bl XMC_GPIO_SetMode
 367 0084 6368     	 ldr r3,[r4,#4]
 368 0086 9B68     	 ldr r3,[r3,#8]
 369 0088 0022     	 movs r2,#0
 370 008a 1868     	 ldr r0,[r3]
 371 008c 1979     	 ldrb r1,[r3,#4]
 372 008e FFF7FEFF 	 bl XMC_GPIO_SetHardwareControl
 373 0092 6368     	 ldr r3,[r4,#4]
 374 0094 1B69     	 ldr r3,[r3,#16]
 375 0096 0DE0     	 b .L75
 376              	.L60:
 377 0098 2068     	 ldr r0,[r4]
 378 009a 9C7F     	 ldrb r4,[r3,#30]
 379 009c C169     	 ldr r1,[r0,#28]
 380 009e 21F05001 	 bic r1,r1,#80
 381 00a2 41F01001 	 orr r1,r1,#16
 382 00a6 C161     	 str r1,[r0,#28]
 383 00a8 C369     	 ldr r3,[r0,#28]
 384 00aa 23F00703 	 bic r3,r3,#7
 385 00ae 2343     	 orrs r3,r3,r4
 386 00b0 C361     	 str r3,[r0,#28]
 387 00b2 9368     	 ldr r3,[r2,#8]
 388              	.L75:
 389 00b4 1868     	 ldr r0,[r3]
 390 00b6 1979     	 ldrb r1,[r3,#4]
 391 00b8 0022     	 movs r2,#0
 392              	.L76:
 393 00ba FFF7FEFF 	 bl XMC_GPIO_SetHardwareControl
 394 00be 22E0     	 b .L71
 395              	.L61:
 396 00c0 2168     	 ldr r1,[r4]
 397 00c2 CB69     	 ldr r3,[r1,#28]
 398 00c4 23F05003 	 bic r3,r3,#80
 399 00c8 43F01003 	 orr r3,r3,#16
 400 00cc CB61     	 str r3,[r1,#28]
 401 00ce CB69     	 ldr r3,[r1,#28]
 402 00d0 23F00703 	 bic r3,r3,#7
 403 00d4 43F00603 	 orr r3,r3,#6
 404 00d8 CB61     	 str r3,[r1,#28]
 405 00da 1369     	 ldr r3,[r2,#16]
 406 00dc 5269     	 ldr r2,[r2,#20]
 407 00de 1868     	 ldr r0,[r3]
 408 00e0 1979     	 ldrb r1,[r3,#4]
 409 00e2 1278     	 ldrb r2,[r2]
 410 00e4 FFF7FEFF 	 bl XMC_GPIO_SetMode
 411 00e8 6268     	 ldr r2,[r4,#4]
 412 00ea 9368     	 ldr r3,[r2,#8]
 413 00ec D268     	 ldr r2,[r2,#12]
 414 00ee 1868     	 ldr r0,[r3]
 415 00f0 1979     	 ldrb r1,[r3,#4]
 416 00f2 127B     	 ldrb r2,[r2,#12]
 417 00f4 FFF7FEFF 	 bl XMC_GPIO_SetHardwareControl
 418 00f8 6268     	 ldr r2,[r4,#4]
 419 00fa 1369     	 ldr r3,[r2,#16]
 420 00fc 5269     	 ldr r2,[r2,#20]
 421 00fe 1868     	 ldr r0,[r3]
 422 0100 1979     	 ldrb r1,[r3,#4]
 423 0102 127B     	 ldrb r2,[r2,#12]
 424 0104 D9E7     	 b .L76
 425              	.L71:
 426 0106 0020     	 movs r0,#0
 427 0108 38BD     	 pop {r3,r4,r5,pc}
 428              	.L72:
 429 010a 38BD     	 pop {r3,r4,r5,pc}
 431              	 .section .text.SPI_MASTER_SetBaudRate,"ax",%progbits
 432              	 .align 1
 433              	 .global SPI_MASTER_SetBaudRate
 434              	 .thumb
 435              	 .thumb_func
 437              	SPI_MASTER_SetBaudRate:
 438              	 
 439              	 
 440 0000 8368     	 ldr r3,[r0,#8]
 441 0002 93F82020 	 ldrb r2,[r3,#32]
 442 0006 70B5     	 push {r4,r5,r6,lr}
 443 0008 0446     	 mov r4,r0
 444 000a 0E46     	 mov r6,r1
 445 000c 002A     	 cmp r2,#0
 446 000e 40F0C780 	 bne .L94
 447 0012 DB7F     	 ldrb r3,[r3,#31]
 448 0014 002B     	 cmp r3,#0
 449 0016 40F0C380 	 bne .L94
 450 001a 0068     	 ldr r0,[r0]
 451 001c FFF7FEFF 	 bl XMC_SPI_CH_Stop
 452 0020 0546     	 mov r5,r0
 453 0022 0028     	 cmp r0,#0
 454 0024 40F0BD80 	 bne .L78
 455              	.L79:
 456 0028 6368     	 ldr r3,[r4,#4]
 457 002a 93F88720 	 ldrb r2,[r3,#135]
 458 002e 9542     	 cmp r5,r2
 459 0030 0AD2     	 bcs .L98
 460 0032 05F10C02 	 add r2,r5,#12
 461 0036 0135     	 adds r5,r5,#1
 462 0038 53F82230 	 ldr r3,[r3,r2,lsl#2]
 463 003c 0022     	 movs r2,#0
 464 003e 1868     	 ldr r0,[r3]
 465 0040 1979     	 ldrb r1,[r3,#4]
 466 0042 FFF7FEFF 	 bl XMC_GPIO_SetMode
 467 0046 EFE7     	 b .L79
 468              	.L98:
 469 0048 9B6A     	 ldr r3,[r3,#40]
 470 004a 0022     	 movs r2,#0
 471 004c 1868     	 ldr r0,[r3]
 472 004e 1979     	 ldrb r1,[r3,#4]
 473 0050 FFF7FEFF 	 bl XMC_GPIO_SetMode
 474 0054 A368     	 ldr r3,[r4,#8]
 475 0056 1B7F     	 ldrb r3,[r3,#28]
 476 0058 072B     	 cmp r3,#7
 477 005a 2ED8     	 bhi .L81
 478 005c DFE803F0 	 tbb [pc,r3]
 479              	.L83:
 480 0060 04       	 .byte (.L82-.L83)/2
 481 0061 2D       	 .byte (.L81-.L83)/2
 482 0062 2D       	 .byte (.L81-.L83)/2
 483 0063 2D       	 .byte (.L81-.L83)/2
 484 0064 2D       	 .byte (.L81-.L83)/2
 485 0065 04       	 .byte (.L82-.L83)/2
 486 0066 07       	 .byte (.L84-.L83)/2
 487 0067 11       	 .byte (.L85-.L83)/2
 488              	 .p2align 1
 489              	.L82:
 490 0068 6368     	 ldr r3,[r4,#4]
 491 006a 9B68     	 ldr r3,[r3,#8]
 492 006c 20E0     	 b .L96
 493              	.L84:
 494 006e 6368     	 ldr r3,[r4,#4]
 495 0070 9B68     	 ldr r3,[r3,#8]
 496 0072 0022     	 movs r2,#0
 497 0074 1868     	 ldr r0,[r3]
 498 0076 1979     	 ldrb r1,[r3,#4]
 499 0078 FFF7FEFF 	 bl XMC_GPIO_SetMode
 500 007c 6368     	 ldr r3,[r4,#4]
 501 007e 1B69     	 ldr r3,[r3,#16]
 502 0080 16E0     	 b .L96
 503              	.L85:
 504 0082 6368     	 ldr r3,[r4,#4]
 505 0084 9B68     	 ldr r3,[r3,#8]
 506 0086 0022     	 movs r2,#0
 507 0088 1868     	 ldr r0,[r3]
 508 008a 1979     	 ldrb r1,[r3,#4]
 509 008c FFF7FEFF 	 bl XMC_GPIO_SetMode
 510 0090 6368     	 ldr r3,[r4,#4]
 511 0092 1B69     	 ldr r3,[r3,#16]
 512 0094 0022     	 movs r2,#0
 513 0096 1868     	 ldr r0,[r3]
 514 0098 1979     	 ldrb r1,[r3,#4]
 515 009a FFF7FEFF 	 bl XMC_GPIO_SetMode
 516 009e 6368     	 ldr r3,[r4,#4]
 517 00a0 9B69     	 ldr r3,[r3,#24]
 518 00a2 0022     	 movs r2,#0
 519 00a4 1868     	 ldr r0,[r3]
 520 00a6 1979     	 ldrb r1,[r3,#4]
 521 00a8 FFF7FEFF 	 bl XMC_GPIO_SetMode
 522 00ac 6368     	 ldr r3,[r4,#4]
 523 00ae 1B6A     	 ldr r3,[r3,#32]
 524              	.L96:
 525 00b0 1868     	 ldr r0,[r3]
 526 00b2 1979     	 ldrb r1,[r3,#4]
 527 00b4 0022     	 movs r2,#0
 528 00b6 FFF7FEFF 	 bl XMC_GPIO_SetMode
 529              	.L81:
 530 00ba 3146     	 mov r1,r6
 531 00bc 2068     	 ldr r0,[r4]
 532 00be FFF7FEFF 	 bl XMC_SPI_CH_SetBaudrate
 533 00c2 0546     	 mov r5,r0
 534 00c4 2168     	 ldr r1,[r4]
 535 00c6 6068     	 ldr r0,[r4,#4]
 536 00c8 55B9     	 cbnz r5,.L86
 537 00ca 4B69     	 ldr r3,[r1,#20]
 538 00cc 23F4FE43 	 bic r3,r3,#32512
 539 00d0 43F48072 	 orr r2,r3,#256
 540 00d4 90F88830 	 ldrb r3,[r0,#136]
 541 00d8 013B     	 subs r3,r3,#1
 542 00da 42EA8323 	 orr r3,r2,r3,lsl#10
 543 00de 4B61     	 str r3,[r1,#20]
 544              	.L86:
 545 00e0 4B69     	 ldr r3,[r1,#20]
 546 00e2 23F05042 	 bic r2,r3,#-805306368
 547 00e6 D0F88030 	 ldr r3,[r0,#128]
 548 00ea 1343     	 orrs r3,r3,r2
 549 00ec 4B61     	 str r3,[r1,#20]
 550 00ee 0B6C     	 ldr r3,[r1,#64]
 551 00f0 23F00F03 	 bic r3,r3,#15
 552 00f4 43F00103 	 orr r3,r3,#1
 553 00f8 0B64     	 str r3,[r1,#64]
 554 00fa 0026     	 movs r6,#0
 555              	.L87:
 556 00fc 6368     	 ldr r3,[r4,#4]
 557 00fe 93F88720 	 ldrb r2,[r3,#135]
 558 0102 9642     	 cmp r6,r2
 559 0104 0AD2     	 bcs .L99
 560 0106 03EB8603 	 add r3,r3,r6,lsl#2
 561 010a 0136     	 adds r6,r6,#1
 562 010c 1A6B     	 ldr r2,[r3,#48]
 563 010e 1B6D     	 ldr r3,[r3,#80]
 564 0110 1068     	 ldr r0,[r2]
 565 0112 1179     	 ldrb r1,[r2,#4]
 566 0114 1A78     	 ldrb r2,[r3]
 567 0116 FFF7FEFF 	 bl XMC_GPIO_SetMode
 568 011a EFE7     	 b .L87
 569              	.L99:
 570 011c 9A6A     	 ldr r2,[r3,#40]
 571 011e DB6A     	 ldr r3,[r3,#44]
 572 0120 1068     	 ldr r0,[r2]
 573 0122 1179     	 ldrb r1,[r2,#4]
 574 0124 1A78     	 ldrb r2,[r3]
 575 0126 FFF7FEFF 	 bl XMC_GPIO_SetMode
 576 012a A368     	 ldr r3,[r4,#8]
 577 012c 1B7F     	 ldrb r3,[r3,#28]
 578 012e 072B     	 cmp r3,#7
 579 0130 37D8     	 bhi .L78
 580 0132 DFE803F0 	 tbb [pc,r3]
 581              	.L90:
 582 0136 04       	 .byte (.L89-.L90)/2
 583 0137 36       	 .byte (.L78-.L90)/2
 584 0138 36       	 .byte (.L78-.L90)/2
 585 0139 36       	 .byte (.L78-.L90)/2
 586 013a 36       	 .byte (.L78-.L90)/2
 587 013b 04       	 .byte (.L89-.L90)/2
 588 013c 08       	 .byte (.L91-.L90)/2
 589 013d 14       	 .byte (.L92-.L90)/2
 590              	 .p2align 1
 591              	.L89:
 592 013e 6268     	 ldr r2,[r4,#4]
 593 0140 9368     	 ldr r3,[r2,#8]
 594 0142 D268     	 ldr r2,[r2,#12]
 595 0144 26E0     	 b .L97
 596              	.L91:
 597 0146 6268     	 ldr r2,[r4,#4]
 598 0148 9368     	 ldr r3,[r2,#8]
 599 014a D268     	 ldr r2,[r2,#12]
 600 014c 1868     	 ldr r0,[r3]
 601 014e 1979     	 ldrb r1,[r3,#4]
 602 0150 1278     	 ldrb r2,[r2]
 603 0152 FFF7FEFF 	 bl XMC_GPIO_SetMode
 604 0156 6268     	 ldr r2,[r4,#4]
 605 0158 1369     	 ldr r3,[r2,#16]
 606 015a 5269     	 ldr r2,[r2,#20]
 607 015c 1AE0     	 b .L97
 608              	.L92:
 609 015e 6268     	 ldr r2,[r4,#4]
 610 0160 9368     	 ldr r3,[r2,#8]
 611 0162 D268     	 ldr r2,[r2,#12]
 612 0164 1868     	 ldr r0,[r3]
 613 0166 1979     	 ldrb r1,[r3,#4]
 614 0168 1278     	 ldrb r2,[r2]
 615 016a FFF7FEFF 	 bl XMC_GPIO_SetMode
 616 016e 6268     	 ldr r2,[r4,#4]
 617 0170 1369     	 ldr r3,[r2,#16]
 618 0172 5269     	 ldr r2,[r2,#20]
 619 0174 1868     	 ldr r0,[r3]
 620 0176 1979     	 ldrb r1,[r3,#4]
 621 0178 1278     	 ldrb r2,[r2]
 622 017a FFF7FEFF 	 bl XMC_GPIO_SetMode
 623 017e 6268     	 ldr r2,[r4,#4]
 624 0180 9369     	 ldr r3,[r2,#24]
 625 0182 D269     	 ldr r2,[r2,#28]
 626 0184 1868     	 ldr r0,[r3]
 627 0186 1979     	 ldrb r1,[r3,#4]
 628 0188 1278     	 ldrb r2,[r2]
 629 018a FFF7FEFF 	 bl XMC_GPIO_SetMode
 630 018e 6268     	 ldr r2,[r4,#4]
 631 0190 136A     	 ldr r3,[r2,#32]
 632 0192 526A     	 ldr r2,[r2,#36]
 633              	.L97:
 634 0194 1868     	 ldr r0,[r3]
 635 0196 1979     	 ldrb r1,[r3,#4]
 636 0198 1278     	 ldrb r2,[r2]
 637 019a FFF7FEFF 	 bl XMC_GPIO_SetMode
 638 019e 00E0     	 b .L78
 639              	.L94:
 640 01a0 0225     	 movs r5,#2
 641              	.L78:
 642 01a2 2846     	 mov r0,r5
 643 01a4 70BD     	 pop {r4,r5,r6,pc}
 645              	 .section .text.SPI_MASTER_Transmit,"ax",%progbits
 646              	 .align 1
 647              	 .global SPI_MASTER_Transmit
 648              	 .thumb
 649              	 .thumb_func
 651              	SPI_MASTER_Transmit:
 652              	 
 653              	 
 654 0000 F0B5     	 push {r4,r5,r6,r7,lr}
 655 0002 4768     	 ldr r7,[r0,#4]
 656 0004 97F88440 	 ldrb r4,[r7,#132]
 657 0008 022C     	 cmp r4,#2
 658 000a 78D1     	 bne .L119
 659 000c 8368     	 ldr r3,[r0,#8]
 660 000e 0029     	 cmp r1,#0
 661 0010 6ED0     	 beq .L121
 662 0012 002A     	 cmp r2,#0
 663 0014 6CD0     	 beq .L121
 664 0016 93F82050 	 ldrb r5,[r3,#32]
 665 001a 05F0FF06 	 and r6,r5,#255
 666 001e 002D     	 cmp r5,#0
 667 0020 68D1     	 bne .L122
 668 0022 1C68     	 ldr r4,[r3]
 669 0024 0068     	 ldr r0,[r0]
 670 0026 9961     	 str r1,[r3,#24]
 671 0028 092C     	 cmp r4,#9
 672 002a 4FF00105 	 mov r5,#1
 673 002e 83F82050 	 strb r5,[r3,#32]
 674 0032 38BF     	 it cc
 675 0034 0124     	 movcc r4,#1
 676 0036 9E60     	 str r6,[r3,#8]
 677 0038 28BF     	 it cs
 678 003a 0224     	 movcs r4,#2
 679 003c 1E7F     	 ldrb r6,[r3,#28]
 680 003e 651E     	 subs r5,r4,#1
 681 0040 AA40     	 lsls r2,r2,r5
 682 0042 056C     	 ldr r5,[r0,#64]
 683 0044 5A60     	 str r2,[r3,#4]
 684 0046 B601     	 lsls r6,r6,#6
 685 0048 F6B2     	 uxtb r6,r6
 686 004a 25F0C005 	 bic r5,r5,#192
 687 004e 3543     	 orrs r5,r5,r6
 688 0050 0564     	 str r5,[r0,#64]
 689 0052 97F87C50 	 ldrb r5,[r7,#124]
 690 0056 002D     	 cmp r5,#0
 691 0058 35D0     	 beq .L112
 692 005a 4FF40045 	 mov r5,#32768
 693 005e C0F81851 	 str r5,[r0,#280]
 694              	.L105:
 695 0062 9D68     	 ldr r5,[r3,#8]
 696 0064 9542     	 cmp r5,r2
 697 0066 3AD2     	 bcs .L111
 698              	.L128:
 699 0068 D0F81451 	 ldr r5,[r0,#276]
 700 006c EF04     	 lsls r7,r5,#19
 701 006e FBD4     	 bmi .L128
 702 0070 93F82150 	 ldrb r5,[r3,#33]
 703 0074 25B1     	 cbz r5,.L107
 704 0076 1D7F     	 ldrb r5,[r3,#28]
 705 0078 4FF6FF76 	 movw r6,#65535
 706 007c 6035     	 adds r5,r5,#96
 707 007e 06E0     	 b .L135
 708              	.L107:
 709 0080 9D68     	 ldr r5,[r3,#8]
 710 0082 022C     	 cmp r4,#2
 711 0084 0CBF     	 ite eq
 712 0086 4E5B     	 ldrheq r6,[r1,r5]
 713 0088 4E5D     	 ldrbne r6,[r1,r5]
 714 008a 1D7F     	 ldrb r5,[r3,#28]
 715 008c 6035     	 adds r5,r5,#96
 716              	.L135:
 717 008e 40F82560 	 str r6,[r0,r5,lsl#2]
 718 0092 9D68     	 ldr r5,[r3,#8]
 719 0094 2544     	 add r5,r5,r4
 720 0096 9D60     	 str r5,[r3,#8]
 721 0098 E3E7     	 b .L105
 722              	.L137:
 723 009a 93F82150 	 ldrb r5,[r3,#33]
 724 009e B5B1     	 cbz r5,.L113
 725 00a0 1D7F     	 ldrb r5,[r3,#28]
 726 00a2 4FF6FF76 	 movw r6,#65535
 727 00a6 2035     	 adds r5,r5,#32
 728              	.L136:
 729 00a8 40F82560 	 str r6,[r0,r5,lsl#2]
 730 00ac 9D68     	 ldr r5,[r3,#8]
 731 00ae 2544     	 add r5,r5,r4
 732 00b0 9D60     	 str r5,[r3,#8]
 733              	.L117:
 734 00b2 856C     	 ldr r5,[r0,#72]
 735 00b4 6D05     	 lsls r5,r5,#21
 736 00b6 FCD5     	 bpl .L117
 737 00b8 C56C     	 ldr r5,[r0,#76]
 738 00ba 45F48065 	 orr r5,r5,#1024
 739 00be C564     	 str r5,[r0,#76]
 740 00c0 9D68     	 ldr r5,[r3,#8]
 741 00c2 9542     	 cmp r5,r2
 742 00c4 0BD2     	 bcs .L111
 743              	.L112:
 744 00c6 856B     	 ldr r5,[r0,#56]
 745 00c8 2E06     	 lsls r6,r5,#24
 746 00ca FCD4     	 bmi .L112
 747 00cc E5E7     	 b .L137
 748              	.L113:
 749 00ce 9D68     	 ldr r5,[r3,#8]
 750 00d0 022C     	 cmp r4,#2
 751 00d2 0CBF     	 ite eq
 752 00d4 4E5B     	 ldrheq r6,[r1,r5]
 753 00d6 4E5D     	 ldrbne r6,[r1,r5]
 754 00d8 1D7F     	 ldrb r5,[r3,#28]
 755 00da 2035     	 adds r5,r5,#32
 756 00dc E4E7     	 b .L136
 757              	.L111:
 758 00de 826B     	 ldr r2,[r0,#56]
 759 00e0 1206     	 lsls r2,r2,#24
 760 00e2 FCD4     	 bmi .L111
 761 00e4 0020     	 movs r0,#0
 762 00e6 83F82000 	 strb r0,[r3,#32]
 763 00ea 5860     	 str r0,[r3,#4]
 764 00ec 9860     	 str r0,[r3,#8]
 765 00ee 02E0     	 b .L102
 766              	.L121:
 767 00f0 0320     	 movs r0,#3
 768 00f2 00E0     	 b .L102
 769              	.L122:
 770 00f4 2046     	 mov r0,r4
 771              	.L102:
 772 00f6 0122     	 movs r2,#1
 773 00f8 83F82220 	 strb r2,[r3,#34]
 774 00fc F0BD     	 pop {r4,r5,r6,r7,pc}
 775              	.L119:
 776 00fe 0120     	 movs r0,#1
 777 0100 F0BD     	 pop {r4,r5,r6,r7,pc}
 779              	 .section .text.SPI_MASTER_Receive,"ax",%progbits
 780              	 .align 1
 781              	 .global SPI_MASTER_Receive
 782              	 .thumb
 783              	 .thumb_func
 785              	SPI_MASTER_Receive:
 786              	 
 787              	 
 788 0000 4368     	 ldr r3,[r0,#4]
 789 0002 93F88530 	 ldrb r3,[r3,#133]
 790 0006 022B     	 cmp r3,#2
 791 0008 70B5     	 push {r4,r5,r6,lr}
 792 000a 19D1     	 bne .L140
 793 000c 8468     	 ldr r4,[r0,#8]
 794 000e C9B1     	 cbz r1,.L142
 795 0010 C2B1     	 cbz r2,.L142
 796 0012 E57F     	 ldrb r5,[r4,#31]
 797 0014 C5B9     	 cbnz r5,.L144
 798 0016 94F82060 	 ldrb r6,[r4,#32]
 799 001a 06F0FF05 	 and r5,r6,#255
 800 001e 9EB9     	 cbnz r6,.L144
 801 0020 0123     	 movs r3,#1
 802 0022 6161     	 str r1,[r4,#20]
 803 0024 0949     	 ldr r1,.L145
 804 0026 E377     	 strb r3,[r4,#31]
 805 0028 A161     	 str r1,[r4,#24]
 806 002a 84F82130 	 strb r3,[r4,#33]
 807 002e 1146     	 mov r1,r2
 808 0030 84F82250 	 strb r5,[r4,#34]
 809 0034 FFF7FEFF 	 bl SPI_MASTER_lReceivePolling
 810 0038 84F82150 	 strb r5,[r4,#33]
 811 003c E577     	 strb r5,[r4,#31]
 812 003e 70BD     	 pop {r4,r5,r6,pc}
 813              	.L140:
 814 0040 0120     	 movs r0,#1
 815 0042 70BD     	 pop {r4,r5,r6,pc}
 816              	.L142:
 817 0044 0320     	 movs r0,#3
 818 0046 70BD     	 pop {r4,r5,r6,pc}
 819              	.L144:
 820 0048 1846     	 mov r0,r3
 821 004a 70BD     	 pop {r4,r5,r6,pc}
 822              	.L146:
 823              	 .align 2
 824              	.L145:
 825 004c 00000000 	 .word .LANCHOR0
 827              	 .section .text.SPI_MASTER_Transfer,"ax",%progbits
 828              	 .align 1
 829              	 .global SPI_MASTER_Transfer
 830              	 .thumb
 831              	 .thumb_func
 833              	SPI_MASTER_Transfer:
 834              	 
 835              	 
 836 0000 F8B5     	 push {r3,r4,r5,r6,r7,lr}
 837 0002 8468     	 ldr r4,[r0,#8]
 838 0004 257F     	 ldrb r5,[r4,#28]
 839 0006 FDB9     	 cbnz r5,.L151
 840 0008 01B3     	 cbz r1,.L154
 841 000a FAB1     	 cbz r2,.L154
 842 000c F3B1     	 cbz r3,.L154
 843 000e E57F     	 ldrb r5,[r4,#31]
 844 0010 0DB1     	 cbz r5,.L149
 845              	.L150:
 846 0012 0220     	 movs r0,#2
 847 0014 F8BD     	 pop {r3,r4,r5,r6,r7,pc}
 848              	.L149:
 849 0016 94F82070 	 ldrb r7,[r4,#32]
 850 001a 07F0FF05 	 and r5,r7,#255
 851 001e 002F     	 cmp r7,#0
 852 0020 F7D1     	 bne .L150
 853 0022 6261     	 str r2,[r4,#20]
 854 0024 4268     	 ldr r2,[r0,#4]
 855 0026 A161     	 str r1,[r4,#24]
 856 0028 92F88520 	 ldrb r2,[r2,#133]
 857 002c 6360     	 str r3,[r4,#4]
 858 002e 0127     	 movs r7,#1
 859 0030 022A     	 cmp r2,#2
 860 0032 E777     	 strb r7,[r4,#31]
 861 0034 84F82150 	 strb r5,[r4,#33]
 862 0038 84F82250 	 strb r5,[r4,#34]
 863 003c E9D1     	 bne .L150
 864 003e 1946     	 mov r1,r3
 865 0040 FFF7FEFF 	 bl SPI_MASTER_lReceivePolling
 866 0044 E577     	 strb r5,[r4,#31]
 867 0046 F8BD     	 pop {r3,r4,r5,r6,r7,pc}
 868              	.L151:
 869 0048 0120     	 movs r0,#1
 870 004a F8BD     	 pop {r3,r4,r5,r6,r7,pc}
 871              	.L154:
 872 004c 0320     	 movs r0,#3
 873 004e F8BD     	 pop {r3,r4,r5,r6,r7,pc}
 875              	 .section .text.SPI_MASTER_AbortTransmit,"ax",%progbits
 876              	 .align 1
 877              	 .global SPI_MASTER_AbortTransmit
 878              	 .thumb
 879              	 .thumb_func
 881              	SPI_MASTER_AbortTransmit:
 882              	 
 883              	 
 884 0000 4168     	 ldr r1,[r0,#4]
 885 0002 91F88430 	 ldrb r3,[r1,#132]
 886 0006 022B     	 cmp r3,#2
 887 0008 10B5     	 push {r4,lr}
 888 000a 20D0     	 beq .L159
 889 000c 8268     	 ldr r2,[r0,#8]
 890 000e 92F82030 	 ldrb r3,[r2,#32]
 891 0012 E3B1     	 cbz r3,.L159
 892 0014 91F87C40 	 ldrb r4,[r1,#124]
 893 0018 0023     	 movs r3,#0
 894 001a 82F82030 	 strb r3,[r2,#32]
 895 001e 9361     	 str r3,[r2,#24]
 896 0020 82F82130 	 strb r3,[r2,#33]
 897 0024 64B1     	 cbz r4,.L157
 898 0026 0268     	 ldr r2,[r0]
 899 0028 D2F80811 	 ldr r1,[r2,#264]
 900 002c 21F08041 	 bic r1,r1,#1073741824
 901 0030 C2F80811 	 str r1,[r2,#264]
 902 0034 4FF40041 	 mov r1,#32768
 903 0038 C2F81811 	 str r1,[r2,#280]
 904 003c 1846     	 mov r0,r3
 905 003e 10BD     	 pop {r4,pc}
 906              	.L157:
 907 0040 0068     	 ldr r0,[r0]
 908 0042 4FF40051 	 mov r1,#8192
 909 0046 FFF7FEFF 	 bl XMC_SPI_CH_DisableEvent
 910 004a 2046     	 mov r0,r4
 911 004c 10BD     	 pop {r4,pc}
 912              	.L159:
 913 004e 0120     	 movs r0,#1
 914 0050 10BD     	 pop {r4,pc}
 916              	 .section .text.SPI_MASTER_AbortReceive,"ax",%progbits
 917              	 .align 1
 918              	 .global SPI_MASTER_AbortReceive
 919              	 .thumb
 920              	 .thumb_func
 922              	SPI_MASTER_AbortReceive:
 923              	 
 924              	 
 925 0000 38B5     	 push {r3,r4,r5,lr}
 926 0002 4368     	 ldr r3,[r0,#4]
 927 0004 93F88530 	 ldrb r3,[r3,#133]
 928 0008 022B     	 cmp r3,#2
 929 000a 0546     	 mov r5,r0
 930 000c 01D1     	 bne .L161
 931              	.L163:
 932 000e 0124     	 movs r4,#1
 933 0010 1EE0     	 b .L162
 934              	.L161:
 935 0012 8368     	 ldr r3,[r0,#8]
 936 0014 DB7F     	 ldrb r3,[r3,#31]
 937 0016 002B     	 cmp r3,#0
 938 0018 F9D0     	 beq .L163
 939 001a FFF7FEFF 	 bl SPI_MASTER_AbortTransmit
 940 001e 0446     	 mov r4,r0
 941 0020 0028     	 cmp r0,#0
 942 0022 F4D1     	 bne .L163
 943 0024 AB68     	 ldr r3,[r5,#8]
 944 0026 D877     	 strb r0,[r3,#31]
 945 0028 5861     	 str r0,[r3,#20]
 946 002a 83F82100 	 strb r0,[r3,#33]
 947 002e 6B68     	 ldr r3,[r5,#4]
 948 0030 93F87D30 	 ldrb r3,[r3,#125]
 949 0034 3BB1     	 cbz r3,.L164
 950 0036 2A68     	 ldr r2,[r5]
 951 0038 D2F80C31 	 ldr r3,[r2,#268]
 952 003c 23F0C043 	 bic r3,r3,#1610612736
 953 0040 C2F80C31 	 str r3,[r2,#268]
 954 0044 04E0     	 b .L162
 955              	.L164:
 956 0046 2868     	 ldr r0,[r5]
 957 0048 4FF44041 	 mov r1,#49152
 958 004c FFF7FEFF 	 bl XMC_SPI_CH_DisableEvent
 959              	.L162:
 960 0050 2046     	 mov r0,r4
 961 0052 38BD     	 pop {r3,r4,r5,pc}
 963              	 .section .data.dummy_data.8701,"aw",%progbits
 964              	 .set .LANCHOR0,.+0
 967              	dummy_data.8701:
 968 0000 FF       	 .byte -1
 969 0001 FF       	 .byte -1
 970              	 .ident "GCC: (GNU Tools for ARM Embedded Processors) 4.9.3 20141119 (release) [ARM/embedded-4_9-branch revision 218278]"
DEFINED SYMBOLS
                            *ABS*:00000000 spi_master.c
    {standard input}:17     .text.SPI_MASTER_lReceivePolling:00000000 $t
    {standard input}:21     .text.SPI_MASTER_lReceivePolling:00000000 SPI_MASTER_lReceivePolling
    {standard input}:252    .text.SPI_MASTER_GetAppVersion:00000000 $t
    {standard input}:257    .text.SPI_MASTER_GetAppVersion:00000000 SPI_MASTER_GetAppVersion
    {standard input}:274    .text.SPI_MASTER_Init:00000000 $t
    {standard input}:279    .text.SPI_MASTER_Init:00000000 SPI_MASTER_Init
    {standard input}:288    .text.SPI_MASTER_SetMode:00000000 $t
    {standard input}:293    .text.SPI_MASTER_SetMode:00000000 SPI_MASTER_SetMode
    {standard input}:342    .text.SPI_MASTER_SetMode:00000056 $d
    {standard input}:350    .text.SPI_MASTER_SetMode:0000005e $t
    {standard input}:432    .text.SPI_MASTER_SetBaudRate:00000000 $t
    {standard input}:437    .text.SPI_MASTER_SetBaudRate:00000000 SPI_MASTER_SetBaudRate
    {standard input}:480    .text.SPI_MASTER_SetBaudRate:00000060 $d
    {standard input}:488    .text.SPI_MASTER_SetBaudRate:00000068 $t
    {standard input}:582    .text.SPI_MASTER_SetBaudRate:00000136 $d
    {standard input}:590    .text.SPI_MASTER_SetBaudRate:0000013e $t
    {standard input}:646    .text.SPI_MASTER_Transmit:00000000 $t
    {standard input}:651    .text.SPI_MASTER_Transmit:00000000 SPI_MASTER_Transmit
    {standard input}:780    .text.SPI_MASTER_Receive:00000000 $t
    {standard input}:785    .text.SPI_MASTER_Receive:00000000 SPI_MASTER_Receive
    {standard input}:825    .text.SPI_MASTER_Receive:0000004c $d
    {standard input}:828    .text.SPI_MASTER_Transfer:00000000 $t
    {standard input}:833    .text.SPI_MASTER_Transfer:00000000 SPI_MASTER_Transfer
    {standard input}:876    .text.SPI_MASTER_AbortTransmit:00000000 $t
    {standard input}:881    .text.SPI_MASTER_AbortTransmit:00000000 SPI_MASTER_AbortTransmit
    {standard input}:917    .text.SPI_MASTER_AbortReceive:00000000 $t
    {standard input}:922    .text.SPI_MASTER_AbortReceive:00000000 SPI_MASTER_AbortReceive
    {standard input}:967    .data.dummy_data.8701:00000000 dummy_data.8701

UNDEFINED SYMBOLS
XMC_SPI_CH_GetReceivedData
XMC_GPIO_SetMode
XMC_GPIO_SetHardwareControl
XMC_SPI_CH_Stop
XMC_SPI_CH_SetBaudrate
XMC_SPI_CH_DisableEvent
