   1              	 .syntax unified
   2              	 .cpu cortex-m4
   3              	 .eabi_attribute 27,3
   4              	 .fpu fpv4-sp-d16
   5              	 .eabi_attribute 20,1
   6              	 .eabi_attribute 21,1
   7              	 .eabi_attribute 23,3
   8              	 .eabi_attribute 24,1
   9              	 .eabi_attribute 25,1
  10              	 .eabi_attribute 26,1
  11              	 .eabi_attribute 30,4
  12              	 .eabi_attribute 34,1
  13              	 .eabi_attribute 18,4
  14              	 .thumb
  15              	 .file "digital_io.c"
  16              	 .section .text.DIGITAL_IO_GetAppVersion,"ax",%progbits
  17              	 .align 1
  18              	 .global DIGITAL_IO_GetAppVersion
  19              	 .thumb
  20              	 .thumb_func
  22              	DIGITAL_IO_GetAppVersion:
  23              	 
  24              	 
  25              	 
  26 0000 0023     	 movs r3,#0
  27 0002 1846     	 mov r0,r3
  28 0004 0422     	 movs r2,#4
  29 0006 62F30700 	 bfi r0,r2,#0,#8
  30 000a 63F30F20 	 bfi r0,r3,#8,#8
  31 000e 1023     	 movs r3,#16
  32 0010 63F31740 	 bfi r0,r3,#16,#8
  33 0014 82B0     	 sub sp,sp,#8
  34 0016 02B0     	 add sp,sp,#8
  35              	 
  36 0018 7047     	 bx lr
  38              	 .section .text.DIGITAL_IO_Init,"ax",%progbits
  39              	 .align 1
  40              	 .global DIGITAL_IO_Init
  41              	 .thumb
  42              	 .thumb_func
  44              	DIGITAL_IO_Init:
  45              	 
  46              	 
  47 0000 10B5     	 push {r4,lr}
  48 0002 0446     	 mov r4,r0
  49 0004 221D     	 adds r2,r4,#4
  50 0006 217C     	 ldrb r1,[r4,#16]
  51 0008 0068     	 ldr r0,[r0]
  52 000a FFF7FEFF 	 bl XMC_GPIO_Init
  53 000e 2068     	 ldr r0,[r4]
  54 0010 217C     	 ldrb r1,[r4,#16]
  55 0012 627C     	 ldrb r2,[r4,#17]
  56 0014 FFF7FEFF 	 bl XMC_GPIO_SetHardwareControl
  57 0018 0020     	 movs r0,#0
  58 001a 10BD     	 pop {r4,pc}
  60              	 .ident "GCC: (GNU Tools for ARM Embedded Processors) 4.9.3 20141119 (release) [ARM/embedded-4_9-branch revision 218278]"
DEFINED SYMBOLS
                            *ABS*:00000000 digital_io.c
    {standard input}:17     .text.DIGITAL_IO_GetAppVersion:00000000 $t
    {standard input}:22     .text.DIGITAL_IO_GetAppVersion:00000000 DIGITAL_IO_GetAppVersion
    {standard input}:39     .text.DIGITAL_IO_Init:00000000 $t
    {standard input}:44     .text.DIGITAL_IO_Init:00000000 DIGITAL_IO_Init

UNDEFINED SYMBOLS
XMC_GPIO_Init
XMC_GPIO_SetHardwareControl
